loading annotations into memory...
Done (t=0.59s)
creating index...
index created!
Loading and preparing results...
DONE (t=0.16s)
creating index...
index created!
Running per image evaluation...
Evaluate annotation type *keypoints*
DONE (t=1.74s).
Accumulating evaluation results...
DONE (t=0.05s).
 Average Precision  (AP) @[ IoU=0.50:0.95 | area=   all | maxDets= 20 ] = 0.516
 Average Precision  (AP) @[ IoU=0.50      | area=   all | maxDets= 20 ] = 0.796
 Average Precision  (AP) @[ IoU=0.75      | area=   all | maxDets= 20 ] = 0.563
 Average Precision  (AP) @[ IoU=0.50:0.95 | area=medium | maxDets= 20 ] = 0.419
 Average Precision  (AP) @[ IoU=0.50:0.95 | area= large | maxDets= 20 ] = 0.648
 Average Recall     (AR) @[ IoU=0.50:0.95 | area=   all | maxDets= 20 ] = 0.574
 Average Recall     (AR) @[ IoU=0.50      | area=   all | maxDets= 20 ] = 0.827
 Average Recall     (AR) @[ IoU=0.75      | area=   all | maxDets= 20 ] = 0.628
 Average Recall     (AR) @[ IoU=0.50:0.95 | area=medium | maxDets= 20 ] = 0.475
 Average Recall     (AR) @[ IoU=0.50:0.95 | area= large | maxDets= 20 ] = 0.711
