============================
./labels\MOT17-02-DPM\gt_val_half.txt
         IDF1   IDP   IDR  Rcll  Prcn GT MT PT ML   FP   FN IDs   FM  MOTA  MOTP IDt IDa IDm
full    53.4% 59.4% 48.6% 63.9% 78.1% 53 22 19 12 1770 3569  57  118 45.4% 0.206  61  12  16
part      NaN   NaN   NaN   NaN   NaN  0  0  0  0    0    0   0    0   NaN   NaN   0   0   0
OVERALL 53.4% 59.4% 48.6% 63.9% 78.1% 53 22 19 12 1770 3569  57  118 45.4%   NaN  61  12  16
============================
./labels\MOT17-02-FRCNN\gt_val_half.txt
         IDF1   IDP   IDR  Rcll  Prcn GT MT PT ML   FP   FN IDs   FM  MOTA  MOTP IDt IDa IDm
full    53.4% 59.4% 48.6% 63.9% 78.1% 53 22 19 12 1770 3569  57  118 45.4% 0.206  61  12  16
part      NaN   NaN   NaN   NaN   NaN  0  0  0  0    0    0   0    0   NaN   NaN   0   0   0
OVERALL 53.4% 59.4% 48.6% 63.9% 78.1% 53 22 19 12 1770 3569  57  118 45.4%   NaN  61  12  16
============================
./labels\MOT17-02-SDP\gt_val_half.txt
         IDF1   IDP   IDR  Rcll  Prcn GT MT PT ML   FP   FN IDs   FM  MOTA  MOTP IDt IDa IDm
full    53.4% 59.4% 48.6% 63.9% 78.1% 53 22 19 12 1770 3569  57  118 45.4% 0.206  61  12  16
part      NaN   NaN   NaN   NaN   NaN  0  0  0  0    0    0   0    0   NaN   NaN   0   0   0
OVERALL 53.4% 59.4% 48.6% 63.9% 78.1% 53 22 19 12 1770 3569  57  118 45.4%   NaN  61  12  16
============================
./labels\MOT17-04-DPM\gt_val_half.txt
         IDF1   IDP   IDR  Rcll  Prcn GT MT PT ML   FP   FN IDs  FM  MOTA  MOTP IDt IDa IDm
full    86.3% 86.3% 86.4% 95.7% 95.5% 69 63  5  1 1083 1051  43  51 91.0% 0.129  23  12   3
part      NaN   NaN   NaN   NaN   NaN  0  0  0  0    0    0   0   0   NaN   NaN   0   0   0
OVERALL 86.3% 86.3% 86.4% 95.7% 95.5% 69 63  5  1 1083 1051  43  51 91.0%   NaN  23  12   3
============================
./labels\MOT17-04-FRCNN\gt_val_half.txt
         IDF1   IDP   IDR  Rcll  Prcn GT MT PT ML   FP   FN IDs  FM  MOTA  MOTP IDt IDa IDm
full    86.3% 86.3% 86.4% 95.7% 95.5% 69 63  5  1 1083 1051  43  51 91.0% 0.129  23  12   3
part      NaN   NaN   NaN   NaN   NaN  0  0  0  0    0    0   0   0   NaN   NaN   0   0   0
OVERALL 86.3% 86.3% 86.4% 95.7% 95.5% 69 63  5  1 1083 1051  43  51 91.0%   NaN  23  12   3
============================
./labels\MOT17-04-SDP\gt_val_half.txt
         IDF1   IDP   IDR  Rcll  Prcn GT MT PT ML   FP   FN IDs  FM  MOTA  MOTP IDt IDa IDm
full    86.3% 86.3% 86.4% 95.7% 95.5% 69 63  5  1 1083 1051  43  51 91.0% 0.129  23  12   3
part      NaN   NaN   NaN   NaN   NaN  0  0  0  0    0    0   0   0   NaN   NaN   0   0   0
OVERALL 86.3% 86.3% 86.4% 95.7% 95.5% 69 63  5  1 1083 1051  43  51 91.0%   NaN  23  12   3
============================
./labels\MOT17-05-DPM\gt_val_half.txt
         IDF1   IDP   IDR  Rcll  Prcn GT MT PT ML  FP  FN IDs  FM  MOTA  MOTP IDt IDa IDm
full    62.1% 60.8% 63.5% 82.2% 78.7% 71 40 23  8 746 599  35  46 58.9% 0.176  58   7  30
part      NaN   NaN   NaN   NaN   NaN  0  0  0  0   0   0   0   0   NaN   NaN   0   0   0
OVERALL 62.1% 60.8% 63.5% 82.2% 78.7% 71 40 23  8 746 599  35  46 58.9%   NaN  58   7  30
============================
./labels\MOT17-05-FRCNN\gt_val_half.txt
         IDF1   IDP   IDR  Rcll  Prcn GT MT PT ML  FP  FN IDs  FM  MOTA  MOTP IDt IDa IDm
full    62.1% 60.8% 63.5% 82.2% 78.7% 71 40 23  8 746 599  35  46 58.9% 0.176  58   7  30
part      NaN   NaN   NaN   NaN   NaN  0  0  0  0   0   0   0   0   NaN   NaN   0   0   0
OVERALL 62.1% 60.8% 63.5% 82.2% 78.7% 71 40 23  8 746 599  35  46 58.9%   NaN  58   7  30
============================
./labels\MOT17-05-SDP\gt_val_half.txt
         IDF1   IDP   IDR  Rcll  Prcn GT MT PT ML  FP  FN IDs  FM  MOTA  MOTP IDt IDa IDm
full    62.1% 60.8% 63.5% 82.2% 78.7% 71 40 23  8 746 599  35  46 58.9% 0.176  58   7  30
part      NaN   NaN   NaN   NaN   NaN  0  0  0  0   0   0   0   0   NaN   NaN   0   0   0
OVERALL 62.1% 60.8% 63.5% 82.2% 78.7% 71 40 23  8 746 599  35  46 58.9%   NaN  58   7  30
============================
./labels\MOT17-09-DPM\gt_val_half.txt
         IDF1   IDP   IDR  Rcll  Prcn GT MT PT ML  FP  FN IDs  FM  MOTA  MOTP IDt IDa IDm
full    69.8% 70.7% 68.8% 84.0% 86.3% 22 17  4  1 385 462  22  26 69.8% 0.158  22   4   6
part      NaN   NaN   NaN   NaN   NaN  0  0  0  0   0   0   0   0   NaN   NaN   0   0   0
OVERALL 69.8% 70.7% 68.8% 84.0% 86.3% 22 17  4  1 385 462  22  26 69.8%   NaN  22   4   6
============================
./labels\MOT17-09-FRCNN\gt_val_half.txt
         IDF1   IDP   IDR  Rcll  Prcn GT MT PT ML  FP  FN IDs  FM  MOTA  MOTP IDt IDa IDm
full    69.8% 70.7% 68.8% 84.0% 86.3% 22 17  4  1 385 462  22  26 69.8% 0.158  22   4   6
part      NaN   NaN   NaN   NaN   NaN  0  0  0  0   0   0   0   0   NaN   NaN   0   0   0
OVERALL 69.8% 70.7% 68.8% 84.0% 86.3% 22 17  4  1 385 462  22  26 69.8%   NaN  22   4   6
============================
./labels\MOT17-09-SDP\gt_val_half.txt
         IDF1   IDP   IDR  Rcll  Prcn GT MT PT ML  FP  FN IDs  FM  MOTA  MOTP IDt IDa IDm
full    69.8% 70.7% 68.8% 84.0% 86.3% 22 17  4  1 385 462  22  26 69.8% 0.158  22   4   6
part      NaN   NaN   NaN   NaN   NaN  0  0  0  0   0   0   0   0   NaN   NaN   0   0   0
OVERALL 69.8% 70.7% 68.8% 84.0% 86.3% 22 17  4  1 385 462  22  26 69.8%   NaN  22   4   6
============================
./labels\MOT17-10-DPM\gt_val_half.txt
         IDF1   IDP   IDR  Rcll  Prcn GT MT PT ML  FP   FN IDs  FM  MOTA  MOTP IDt IDa IDm
full    65.7% 69.7% 62.1% 80.1% 89.9% 36 19 16  1 535 1177  42  82 70.4% 0.213  32  13   8
part      NaN   NaN   NaN   NaN   NaN  0  0  0  0   0    0   0   0   NaN   NaN   0   0   0
OVERALL 65.7% 69.7% 62.1% 80.1% 89.9% 36 19 16  1 535 1177  42  82 70.4%   NaN  32  13   8
============================
./labels\MOT17-10-FRCNN\gt_val_half.txt
         IDF1   IDP   IDR  Rcll  Prcn GT MT PT ML  FP   FN IDs  FM  MOTA  MOTP IDt IDa IDm
full    65.7% 69.7% 62.1% 80.1% 89.9% 36 19 16  1 535 1177  42  82 70.4% 0.213  32  13   8
part      NaN   NaN   NaN   NaN   NaN  0  0  0  0   0    0   0   0   NaN   NaN   0   0   0
OVERALL 65.7% 69.7% 62.1% 80.1% 89.9% 36 19 16  1 535 1177  42  82 70.4%   NaN  32  13   8
============================
./labels\MOT17-10-SDP\gt_val_half.txt
         IDF1   IDP   IDR  Rcll  Prcn GT MT PT ML  FP   FN IDs  FM  MOTA  MOTP IDt IDa IDm
full    65.7% 69.7% 62.1% 80.1% 89.9% 36 19 16  1 535 1177  42  82 70.4% 0.213  32  13   8
part      NaN   NaN   NaN   NaN   NaN  0  0  0  0   0    0   0   0   NaN   NaN   0   0   0
OVERALL 65.7% 69.7% 62.1% 80.1% 89.9% 36 19 16  1 535 1177  42  82 70.4%   NaN  32  13   8
============================
./labels\MOT17-11-DPM\gt_val_half.txt
         IDF1   IDP   IDR  Rcll  Prcn GT MT PT ML  FP  FN IDs  FM  MOTA  MOTP IDt IDa IDm
full    65.2% 63.8% 66.6% 84.1% 80.6% 44 22 13  9 917 717  17  37 63.4% 0.141  16   7   6
part      NaN   NaN   NaN   NaN   NaN  0  0  0  0   0   0   0   0   NaN   NaN   0   0   0
OVERALL 65.2% 63.8% 66.6% 84.1% 80.6% 44 22 13  9 917 717  17  37 63.4%   NaN  16   7   6
============================
./labels\MOT17-11-FRCNN\gt_val_half.txt
         IDF1   IDP   IDR  Rcll  Prcn GT MT PT ML  FP  FN IDs  FM  MOTA  MOTP IDt IDa IDm
full    65.2% 63.8% 66.6% 84.1% 80.6% 44 22 13  9 917 717  17  37 63.4% 0.141  16   7   6
part      NaN   NaN   NaN   NaN   NaN  0  0  0  0   0   0   0   0   NaN   NaN   0   0   0
OVERALL 65.2% 63.8% 66.6% 84.1% 80.6% 44 22 13  9 917 717  17  37 63.4%   NaN  16   7   6
============================
./labels\MOT17-11-SDP\gt_val_half.txt
         IDF1   IDP   IDR  Rcll  Prcn GT MT PT ML  FP  FN IDs  FM  MOTA  MOTP IDt IDa IDm
full    65.2% 63.8% 66.6% 84.1% 80.6% 44 22 13  9 917 717  17  37 63.4% 0.141  16   7   6
part      NaN   NaN   NaN   NaN   NaN  0  0  0  0   0   0   0   0   NaN   NaN   0   0   0
OVERALL 65.2% 63.8% 66.6% 84.1% 80.6% 44 22 13  9 917 717  17  37 63.4%   NaN  16   7   6
============================
./labels\MOT17-13-DPM\gt_val_half.txt
         IDF1   IDP   IDR  Rcll  Prcn GT MT PT ML  FP  FN IDs   FM  MOTA  MOTP IDt IDa IDm
full    51.2% 57.8% 46.0% 73.1% 92.0% 44 21 13 10 201 848 264  100 58.4% 0.218 209  61   7
part      NaN   NaN   NaN   NaN   NaN  0  0  0  0   0   0   0    0   NaN   NaN   0   0   0
OVERALL 51.2% 57.8% 46.0% 73.1% 92.0% 44 21 13 10 201 848 264  100 58.4%   NaN 209  61   7
============================
./labels\MOT17-13-FRCNN\gt_val_half.txt
         IDF1   IDP   IDR  Rcll  Prcn GT MT PT ML  FP  FN IDs   FM  MOTA  MOTP IDt IDa IDm
full    51.2% 57.8% 46.0% 73.1% 92.0% 44 21 13 10 201 848 264  100 58.4% 0.218 209  61   7
part      NaN   NaN   NaN   NaN   NaN  0  0  0  0   0   0   0    0   NaN   NaN   0   0   0
OVERALL 51.2% 57.8% 46.0% 73.1% 92.0% 44 21 13 10 201 848 264  100 58.4%   NaN 209  61   7
============================
./labels\MOT17-13-SDP\gt_val_half.txt
         IDF1   IDP   IDR  Rcll  Prcn GT MT PT ML  FP  FN IDs   FM  MOTA  MOTP IDt IDa IDm
full    51.2% 57.8% 46.0% 73.1% 92.0% 44 21 13 10 201 848 264  100 58.4% 0.218 209  61   7
part      NaN   NaN   NaN   NaN   NaN  0  0  0  0   0   0   0    0   NaN   NaN   0   0   0
OVERALL 51.2% 57.8% 46.0% 73.1% 92.0% 44 21 13 10 201 848 264  100 58.4%   NaN 209  61   7
